49
0000000000000000000000000000000000000010000000000
0000000000000000000000000000000000000000000000000
0000000000000000000000000000010010000000000000000
0000000010000101000000000000000000000000000000000
0000000000000000000000000010000010000000000101011
0000000000000000000000000000000000000000000000000
0000000000000000000000000000000000000000000000000
0000000000000000000000000000000000000000000000000
0001000000000000100000010000000000000010000000000
0000000000000000000000000000001000000000000000000
0000000000000010000000000000000000000001000000000
0000000000000000000000000000000000000000110000010
0000000000000000000000000000000000000000000000000
0001000000000000000000000000000000000000000000000
0000000000100000000000000000000000000000000000000
0001000000000000000000000000100000000000000000000
0000000010000000001000000000000010000000000000000
0000000000000000000000000000000000000000000000000
0000000000000000100000000000001000000000000000000
0000000000000000000000000000100000000000000100000
0000000000000000000000000000000000000000000010000
0000000000000000000000000000000000000000000000010
0000000000000000000000000000001000000000000000000
0000000010000000000000000000000000000000000000000
0000000000000000000000000000000000100000000000000
0000000000000000000000000000000010000000000000000
0000100000000000000000000000000000000100000000000
0000000000000000000000000000000000000000000000000
0000000000000001000100000000000000000000000000000
0010000000000000000000000000000000000000000000000
0000000001000000001000100000000000000000000000000
0000000000000000000000000000000000100000000000001
0010100000000000100000000100000000000001000000000
0000000000000000000000000000000000000001001000000
0000000000000000000000001000000100000000000000000
0000000000000000000000000000000000000000001000000
0000000000000000000000000000000000000000001001000
0000000000000000000000000010000000000000000000000
1000000010000000000000000000000000000000000000000
0000000000100000000000000000000011000000000000100
0000000000010000000000000000000000000000000000000
0000000000010000000000000000000000000000000000000
0000000000000000000000000000000001011000000000000
0000100000000000000100000000000000000000000000000
0000000000000000000010000000000000000000000000000
0000100000000000000000000000000000001000000000000
0000000000000000000000000000000000000001000000001
0000100000010000000001000000000000000000000000000
0000100000000000000000000000000100000000000000100
