49
0000000000000000000000000000000000000000000000000
0000000000000000000000000000000000000000000000000
0000000000100000000000000000000000000000000000000
0000000010000100000000000000000000000000000000000
0000000000100000000000000010000010000000000101011
0000000000000000000000000000000000000000000000000
0000000000000000000000000000000000000000000000000
0000000000000000000000000000000000000000000000000
0001000000000000100000010000001000000010000000000
0000000000000000000000000000000000000000000000000
0010100000000010100000000100000000000101000000000
0000000000000000000000000000000000000000100000000
0000000000000000000000000000000000000000000000000
0001000000000000000000000000000000000000000000000
0000000000100000000000000000000000000000000000000
0000000000000000000000000000100000000000000000000
0000000010100000001000000000000000000000000000000
0000000000000000000000000000000000000000000000000
0000000000000000100000000000000000000000000000000
0000000000000000000000000000100000000000000100001
0000000000000000000000000000000000000000000010000
0000000000000000000000000000000000000000000000000
0000000000000000000000000000000000000000000000000
0000000010000000000000000000000000000000000000000
0000000000000000000000000000000000000000000000000
0000000000100000000000000000000010000000000000000
0000100000000000000000000000000000000000000000000
0000000000000000000000000000000000000000000000000
0000000000000001000100000000000000000000000000000
0000000000000000000000000000000000000000000000000
0000000010000000000000000000000000000000000000000
0000000000000000000000000000000000000000000000001
0000100000000000000000000100000000000000000000000
0000000000000000000000000000000000000001000000000
0000000000000000000000000000000000000000000000000
0000000000000000000000000000000000000001000000000
0000000000000000000000000000000000000001001000000
0000000000100000000000000000000000000000000000000
0000000010000000000000000000000000000000000000000
0000000000100000000000000000000001011000000000100
0000000000010000000000000000000000000000000000000
0000000000000000000000000000000000000000000000000
0000000000000000000000000000000000001000000000000
0000100000000000000100000000000000000000000000000
0000000000000000000010000000000000000000000000000
0000100000000000000000000000000000000000000000000
0000000000000000000000000000000000000001000000001
0000100000000000000000000000000000000000000000000
0000100000000000000100000000000100000000000000100
