99
000000000000000000000000000000001000000000000000010000000000000000000000000000000000000000000000000
000000000000000000000000000000000000000010000000000000000000000000000000000000000000000000000000000
000000000000000000000000000000000000000000000000000000000000000000000000000000000000000000000000000
000001000000000000000000000000000000000000100000000001000000000000000011010001000000000000000000000
000000000000000000000000000000000100000000000000100000000000000000000000000000000000000000000000000
000100000000100000000000000000100000000000000000000001000000000000000000000000000000000000000000000
000000000000000000000000000000000000000000000000000000000000000000001000000000000000000000001000000
000000000000000000000000000000000000000000000000000000000000000000000000000000100000000000000000000
000000000000000000000000000000000000000000000000000000000000000000000000000000000000000000000000000
000000000000000000000000000000000000000000000000000000000000000000000000000000000000000000000000000
000000000000000000010000000000000000001000100000000000000000000000000010000000000000000000000010000
000000000000000000000000000000000000000000000000000000000000000000000000000000000000000000000000000
000001000000000010000000000000000000000000000000000000000000000000000000000000000000100000000000000
000000000000000000000000000000000000000001000100000000000010100000000000000000000000010000000000010
000000000000000000000100000000000000000000000000000000000000000000000000000010000000000000001000000
000000000000000000000000000000100000000000000000100000000000000000000000000000000000000000000000000
000000000000100000000000000000000000000000000000001000000000000000000000000000000000000000000000000
000000000000000000000000100000000010000000000000000000000000000000000000000000000000000000000010000
000000000000000000000000000000000000000000000000000000000000000000000000000000000000000000000000000
000000000010000000000000000000000100000000001000000000010000000000000000000000010000000000000000000
000000000000000000000000000000000000000000000000000000000000000000000000000000000000000000000000000
000000000000001000000000000000000000000000000000000000000000000010000000000000000000000000000000000
000000000000000000000000000000000000000000000000000000000000000000000000000000000000000000000000000
000000000000000000000000000000000000000000000000000000000000000000000000000000000000000000000000000
000000000000000001000000000000000000000000000000000000000000000000000000000000000000000000000000010
000000000000000000000000000000000001000000000000000000000000000000000000000000000000000000000000000
000000000000000000000000000000000000000000000000000010000000000000000000001000000000000000000000000
000000000000000000000000000000000000000000000000000000000000000000000000000000000000000000000000000
000000000000000000000000000000000000000000000000000000000000000000000000000000000000000000000000000
000000000000000000000000000000000000000000000000000000000000000000000000000000000000000000000000000
000001000000000100000000000000000000000000000000000001000000000000000000000000000000000000000000100
000000000000000000000000000000000000000100000000000000000100000000000000000000000000000000000000000
100000000000000000000000000000000000000000000000000000000000000000000000000000000000000000000000000
000010000000000000010000000000000000000000000000000000100000000000000000000000000000000000000000000
000000000000000001000000000000000001000000000000000000000000000000000000000000000000000000000000000
000000000000000000000000010000000010000000000000000000000000000000010000000000000000000000000000000
000000000000000000000000000000000000000000000000000000000000100000100000000000010000000000000000000
000000000000000000000000000000000000000000000000001000000000000000000010000000000000000000000000000
000000000010000000000000000000000000000000000000000000000000000000000000000000000000000000000000000
000000000000000000000000000000010000000010000000000000000000000000000000000000000000000000000000001
010000000000000000000000000000000000000100000000100000000000000000000000000000000000000000000000000
000000000000010000000000000000000000000000000100000000000000000000000000000000000000000000000000000
000100000010000000000000000000000000000000000000000000000000000000000000000000000000000000000000000
000000000000000000000000000000000000000000000000000000000000000000000000000000000000000000000000000
000000000000000000010000000000000000000000000000000100000000000000000000000000000000000000000000000
000000000000010000000000000000000000000001000000000000000010100000000000000000000000000000000000000
000000000000000000000000000000000000000000000000000000000000000000000000000000000000000000000000001
000000000000000000000000000000000000000000000000000000000000000000000000000000000000000000000000000
000010000000000100000000000000000000000010000000000000000000001000000000000000000000000000000000000
100000000000000000000000000000000000000000000000000000000001000000000000000000000000000000000000000
000000000000000010000000000000000000010000000000000001000000000000100000000000000000000000100000000
000000000000000000000000000000000000000000001000000000010000000000000000000000000000000000000000000
000000000000000000000000001000000000000000000000000000000000000000000000000000000000000000000000000
000101000000000000000000000000100000000000000000001000000000000000000000000000000000000000000000000
000000000000000000000000000000000100000000000000000000000000000000000000000000000000000000000000000
000000000000000000010000000000000000000000000000000100000000000000000000000000000000000000000000000
000000000000000000000000000000000000000000000000000000000000000000000000000000000000000000000000000
000000000000000000000000000000010000000000000000000000000000000000001000000000000000000001000000000
000000000000010000000000000000000000000000000100000000000000000000000000000000000001000000000000000
000000000000000000000000000000000000000000000000010000000000000000000000000000000000000000000000000
000000000000010000000000000000000000100000000100000000000000000000000000000000000000000000000000000
000000000000000000000000000000000000000000000000000000000000000000000000000000000000000000000000000
000000000000000000000000000000000000000000000000100000000000000000000000000000000000000000000000000
000000000000000000000000000000000000000000000000000000000000000000000000000000000000000000000000000
000000000000000000000100000000000000000000000000000000000000000000000000001000000000000000000000000
000000000000000000000000000000000000000000000000000000000000000000000000000000000000000000000000000
000000000000000000000000000000000000100000000000001000000000000000000000000000000000000000000000000
000000000000000000000000000000000001000000000000000000000000000000000000000000000000000000000000000
000000100000000000000000000000000000000000000000000000000100000000000000000000000000000000000000001
000000000000000000000000000000000000000000000000000000000000000000000000000000000000000000000000000
000100000010000000000000000000000000010000000000000000000000000000000000000000000000000000000000010
000100000000000000000000000000000000000000000000000000000000000000000000000001000000010100000000000
000000000000000000000000000000000000000000000000000000000000000000000000000000000000000000000000000
000100000000000000000000000000000000000000000000000000000000000000000000000000000000000000000000000
000000000000000000000000001000000000000000000000000000000000000010000000000000000000000000000000000
000000000000000000000000000000000000000000000000000000000000000000000000000000000000000000000000000
000000000000001000000000000000000000000000000000000000000000000000000000000000000000000000000000000
000100000000000000000000000000000000000000000000000000000000000000000001000000000000000000000000000
000000010000000000000000000000000000000000000000000000000000000000000000000000000000000000000000000
000000000000000000010000000000000000100000000000000000000000000000000000000000000000000000000100000
000000000000000000000000000000000000000000000000000000000000000000000000000000000000000000000000000
000000000000000000000000000000000000000000000000000000000000000000000000000000000000000000000000000
000000000000000000000000000000000000000000000000000000000000000000000000000000000000000000000000000
000000000000000000000000000000000000000000000000000000000010000000000000000000000000000000000000000
000000000000100000000000000000000000000000000000000000000000000000000000000000000000000100000000010
000000000000010000000000000000000000000000000000000000000000000000000001000000000000000000000000000
000000000000000000000000000000000000000000000000000000000000000000000000000000000000000000000000000
000000000000000000000000000000000000000000000000000000000000000000000001000000000000100000000000000
000000000000000000000000000000000000000000000000000000000000000000000000000000000000000000000000000
000000000000000000000000000000000000000000000000000000000100000000000000000000000000000000000000100
000000000000000000000000000000000000000000000000001000000000000000000000000000000000000000000100000
000000000000000000000000000000000000000000000000000000000000000000000000000000000000000000000000010
000000100000001000000000000000000000000000000000000000000000000000000000000000000000000000000000000
000000000000000000000000000000000000000000000000000000000000000000000000000000010000000000100000000
000000000010000001000000000000000000000000000000000000000000000000000000000000000000000000000000000
000000000000000000000000000000000000000000000000000000000000000000000000000000000000000000000000000
000000000000000000000000000000100000000000000000000000000000000000000000000000000000000001000000000
000000000000010000000000100000000000000000000000000000000000000000000010000000000000100000010000000
000000000000000000000000000000000000000100000010000000000000000000001000000000000000000000000000000
