52
0000000000000000000000000000000000000000000000000000
0001000000000000000000000000000000000010000010001000
0000000000000000000000000000000000000000000000000000
0100000000001001000000000000000000000000000000000000
0000000000000000000000000000000000000000000000000000
0000000000000000000000000000000000000000010000000001
0000000000000000010000000100000100000000000000000000
0000000000000000000001000000000000000000000001000000
0000000000000000000000000000000000000000000000000000
0000000000000000000000000000000000000000000000000000
0000000000000000000000000000100010010000000000001000
0000000000000000000000000000000000000000000000000000
0001000000000000000001000000000000001010000000001000
0000000000000000100000000000000000000000000000000000
0000000000000000000010000000000000000000001000000000
0001000000000000000001000000000000000000000010000000
0000000000000100000000000000000000000000000000000000
0000001000000000000000000000000000000000000000000000
0000000000000000000000000000000000000000000000000001
0000000000000000000000000000000000010000000100000000
0000000000000010000000000000000000000100100000000010
0000000100001001000000000000000000000000010000100001
0000000000000000000000000000000000000000000000000000
0000000000000000000000000000000000000000000000000000
0000000000000000000000000000000000000000000000000000
0000001000000000000000000001000001000000000000000000
0000000000000000000000000000000000000000000000000000
0000000000000000000000000100000000000010000000000000
0000000000100000000000000000000000000000000100000000
0000000000000000000000000000000000000000000000000010
0000000000000000000000000000000000000000000000000000
0000001000000000000000000000000000000000000000000000
0000000000100000000000000000000000000000000000000000
0000000000000000000000000100000000000000001000000000
0000000000000000000000000000000000000000000000000000
0000000000100000000100000000000000000000000000000000
0000000000001000000000000000000000000000000000100000
0000000000000000000010000000000000000000000000000000
0100000000001000000000000001000000000000000000000000
0000000000000000000000000000000000000000000000000001
0000000000000000000010000000000000000000000000000000
0000010000000000000001000000000000000000000000000000
0000000000000010000000000000000001000000000000000000
0000000000000000000100000000100000000000000000100000
0100000000000001000000000000000000000000000000000010
0000000100000000000000000000000000000000000000000000
0000000000000000000001000000000000001000000100000001
0000000000000000000000000000000000000000000000000000
0100000000101000000000000000000000000000000000000000
0000000000000000000000000000000000000000000000000000
0000000000000000000010000000010000000000000010000000
0000010000000000001001000000000000000001000000100000
